This is pdfTeX, Version 3.14159265-2.6-1.40.16 (TeX Live 2015/Debian) (preloaded format=pdflatex 2018.4.9)  1 JUL 2018 21:00
entering extended mode
 restricted \write18 enabled.
 file:line:error style messages enabled.
 %&-line parsing enabled.
**/home/intsco/edu/moocs/MLND_Udacity/capstone/report/report.tex
(/home/intsco/edu/moocs/MLND_Udacity/capstone/report/report.tex
LaTeX2e <2016/02/01>
Babel <3.9q> and hyphenation patterns for 3 language(s) loaded.
(/usr/share/texlive/texmf-dist/tex/latex/base/article.cls
Document Class: article 2014/09/29 v1.4h Standard LaTeX document class
(/usr/share/texlive/texmf-dist/tex/latex/base/size10.clo
File: size10.clo 2014/09/29 v1.4h Standard LaTeX file (size option)
)
\c@part=\count79
\c@section=\count80
\c@subsection=\count81
\c@subsubsection=\count82
\c@paragraph=\count83
\c@subparagraph=\count84
\c@figure=\count85
\c@table=\count86
\abovecaptionskip=\skip41
\belowcaptionskip=\skip42
\bibindent=\dimen102
)
(/usr/share/texlive/texmf-dist/tex/latex/geometry/geometry.sty
Package: geometry 2010/09/12 v5.6 Page Geometry

(/usr/share/texlive/texmf-dist/tex/latex/graphics/keyval.sty
Package: keyval 2014/10/28 v1.15 key=value parser (DPC)
\KV@toks@=\toks14
)
(/usr/share/texlive/texmf-dist/tex/generic/oberdiek/ifpdf.sty
Package: ifpdf 2011/01/30 v2.3 Provides the ifpdf switch (HO)
Package ifpdf Info: pdfTeX in PDF mode is detected.
)
(/usr/share/texlive/texmf-dist/tex/generic/oberdiek/ifvtex.sty
Package: ifvtex 2010/03/01 v1.5 Detect VTeX and its facilities (HO)
Package ifvtex Info: VTeX not detected.
)
(/usr/share/texlive/texmf-dist/tex/generic/ifxetex/ifxetex.sty
Package: ifxetex 2010/09/12 v0.6 Provides ifxetex conditional
)
\Gm@cnth=\count87
\Gm@cntv=\count88
\c@Gm@tempcnt=\count89
\Gm@bindingoffset=\dimen103
\Gm@wd@mp=\dimen104
\Gm@odd@mp=\dimen105
\Gm@even@mp=\dimen106
\Gm@layoutwidth=\dimen107
\Gm@layoutheight=\dimen108
\Gm@layouthoffset=\dimen109
\Gm@layoutvoffset=\dimen110
\Gm@dimlist=\toks15
)
(/usr/share/texlive/texmf-dist/tex/latex/fancyhdr/fancyhdr.sty
\fancy@headwidth=\skip43
\f@ncyO@elh=\skip44
\f@ncyO@erh=\skip45
\f@ncyO@olh=\skip46
\f@ncyO@orh=\skip47
\f@ncyO@elf=\skip48
\f@ncyO@erf=\skip49
\f@ncyO@olf=\skip50
\f@ncyO@orf=\skip51
)
(/usr/share/texlive/texmf-dist/tex/latex/amsmath/amsmath.sty
Package: amsmath 2016/03/03 v2.15a AMS math features
\@mathmargin=\skip52

For additional information on amsmath, use the `?' option.
(/usr/share/texlive/texmf-dist/tex/latex/amsmath/amstext.sty
Package: amstext 2000/06/29 v2.01 AMS text

(/usr/share/texlive/texmf-dist/tex/latex/amsmath/amsgen.sty
File: amsgen.sty 1999/11/30 v2.0 generic functions
\@emptytoks=\toks16
\ex@=\dimen111
))
(/usr/share/texlive/texmf-dist/tex/latex/amsmath/amsbsy.sty
Package: amsbsy 1999/11/29 v1.2d Bold Symbols
\pmbraise@=\dimen112
)
(/usr/share/texlive/texmf-dist/tex/latex/amsmath/amsopn.sty
Package: amsopn 1999/12/14 v2.01 operator names
)
\inf@bad=\count90
LaTeX Info: Redefining \frac on input line 199.
\uproot@=\count91
\leftroot@=\count92
LaTeX Info: Redefining \overline on input line 297.
\classnum@=\count93
\DOTSCASE@=\count94
LaTeX Info: Redefining \ldots on input line 394.
LaTeX Info: Redefining \dots on input line 397.
LaTeX Info: Redefining \cdots on input line 518.
\Mathstrutbox@=\box26
\strutbox@=\box27
\big@size=\dimen113
LaTeX Font Info:    Redeclaring font encoding OML on input line 630.
LaTeX Font Info:    Redeclaring font encoding OMS on input line 631.
\macc@depth=\count95
\c@MaxMatrixCols=\count96
\dotsspace@=\muskip10
\c@parentequation=\count97
\dspbrk@lvl=\count98
\tag@help=\toks17
\row@=\count99
\column@=\count100
\maxfields@=\count101
\andhelp@=\toks18
\eqnshift@=\dimen114
\alignsep@=\dimen115
\tagshift@=\dimen116
\tagwidth@=\dimen117
\totwidth@=\dimen118
\lineht@=\dimen119
\@envbody=\toks19
\multlinegap=\skip53
\multlinetaggap=\skip54
\mathdisplay@stack=\toks20
LaTeX Info: Redefining \[ on input line 2735.
LaTeX Info: Redefining \] on input line 2736.
)
(/usr/share/texlive/texmf-dist/tex/latex/amscls/amsthm.sty
Package: amsthm 2015/03/04 v2.20.2
\thm@style=\toks21
\thm@bodyfont=\toks22
\thm@headfont=\toks23
\thm@notefont=\toks24
\thm@headpunct=\toks25
\thm@preskip=\skip55
\thm@postskip=\skip56
\thm@headsep=\skip57
\dth@everypar=\toks26
)
(/usr/share/texlive/texmf-dist/tex/latex/amsfonts/amssymb.sty
Package: amssymb 2013/01/14 v3.01 AMS font symbols

(/usr/share/texlive/texmf-dist/tex/latex/amsfonts/amsfonts.sty
Package: amsfonts 2013/01/14 v3.01 Basic AMSFonts support
\symAMSa=\mathgroup4
\symAMSb=\mathgroup5
LaTeX Font Info:    Overwriting math alphabet `\mathfrak' in version `bold'
(Font)                  U/euf/m/n --> U/euf/b/n on input line 106.
))
(/usr/share/texlive/texmf-dist/tex/latex/graphics/graphicx.sty
Package: graphicx 2014/10/28 v1.0g Enhanced LaTeX Graphics (DPC,SPQR)

(/usr/share/texlive/texmf-dist/tex/latex/graphics/graphics.sty
Package: graphics 2016/01/03 v1.0q Standard LaTeX Graphics (DPC,SPQR)

(/usr/share/texlive/texmf-dist/tex/latex/graphics/trig.sty
Package: trig 2016/01/03 v1.10 sin cos tan (DPC)
)
(/usr/share/texlive/texmf-dist/tex/latex/latexconfig/graphics.cfg
File: graphics.cfg 2010/04/23 v1.9 graphics configuration of TeX Live
)
Package graphics Info: Driver file: pdftex.def on input line 95.

(/usr/share/texlive/texmf-dist/tex/latex/pdftex-def/pdftex.def
File: pdftex.def 2011/05/27 v0.06d Graphics/color for pdfTeX

(/usr/share/texlive/texmf-dist/tex/generic/oberdiek/infwarerr.sty
Package: infwarerr 2010/04/08 v1.3 Providing info/warning/error messages (HO)
)
(/usr/share/texlive/texmf-dist/tex/generic/oberdiek/ltxcmds.sty
Package: ltxcmds 2011/11/09 v1.22 LaTeX kernel commands for general use (HO)
)
\Gread@gobject=\count102
))
\Gin@req@height=\dimen120
\Gin@req@width=\dimen121
)
(/usr/share/texlive/texmf-dist/tex/latex/float/float.sty
Package: float 2001/11/08 v1.3d Float enhancements (AL)
\c@float@type=\count103
\float@exts=\toks27
\float@box=\box28
\@float@everytoks=\toks28
\@floatcapt=\box29
)
(/usr/share/texlive/texmf-dist/tex/latex/caption/subcaption.sty
Package: subcaption 2016/02/20 v1.1-142 Sub-captions (AR)

(/usr/share/texlive/texmf-dist/tex/latex/caption/caption.sty
Package: caption 2016/02/21 v3.3-144 Customizing captions (AR)

(/usr/share/texlive/texmf-dist/tex/latex/caption/caption3.sty
Package: caption3 2016/02/04 v1.7-139 caption3 kernel (AR)
Package caption3 Info: TeX engine: e-TeX on input line 67.
\captionmargin=\dimen122
\captionmargin@=\dimen123
\captionwidth=\dimen124
\caption@tempdima=\dimen125
\caption@indent=\dimen126
\caption@parindent=\dimen127
\caption@hangindent=\dimen128
)
\c@ContinuedFloat=\count104
Package caption Info: float package is loaded.
)
\c@subfigure=\count105
\c@subtable=\count106
)
(/usr/share/texlive/texmf-dist/tex/latex/hyperref/hyperref.sty
Package: hyperref 2012/11/06 v6.83m Hypertext links for LaTeX

(/usr/share/texlive/texmf-dist/tex/generic/oberdiek/hobsub-hyperref.sty
Package: hobsub-hyperref 2012/05/28 v1.13 Bundle oberdiek, subset hyperref (HO)


(/usr/share/texlive/texmf-dist/tex/generic/oberdiek/hobsub-generic.sty
Package: hobsub-generic 2012/05/28 v1.13 Bundle oberdiek, subset generic (HO)
Package: hobsub 2012/05/28 v1.13 Construct package bundles (HO)
Package hobsub Info: Skipping package `infwarerr' (already loaded).
Package hobsub Info: Skipping package `ltxcmds' (already loaded).
Package: ifluatex 2010/03/01 v1.3 Provides the ifluatex switch (HO)
Package ifluatex Info: LuaTeX not detected.
Package hobsub Info: Skipping package `ifvtex' (already loaded).
Package: intcalc 2007/09/27 v1.1 Expandable calculations with integers (HO)
Package hobsub Info: Skipping package `ifpdf' (already loaded).
Package: etexcmds 2011/02/16 v1.5 Avoid name clashes with e-TeX commands (HO)
Package etexcmds Info: Could not find \expanded.
(etexcmds)             That can mean that you are not using pdfTeX 1.50 or
(etexcmds)             that some package has redefined \expanded.
(etexcmds)             In the latter case, load this package earlier.
Package: kvsetkeys 2012/04/25 v1.16 Key value parser (HO)
Package: kvdefinekeys 2011/04/07 v1.3 Define keys (HO)
Package: pdftexcmds 2011/11/29 v0.20 Utility functions of pdfTeX for LuaTeX (HO
)
Package pdftexcmds Info: LuaTeX not detected.
Package pdftexcmds Info: \pdf@primitive is available.
Package pdftexcmds Info: \pdf@ifprimitive is available.
Package pdftexcmds Info: \pdfdraftmode found.
Package: pdfescape 2011/11/25 v1.13 Implements pdfTeX's escape features (HO)
Package: bigintcalc 2012/04/08 v1.3 Expandable calculations on big integers (HO
)
Package: bitset 2011/01/30 v1.1 Handle bit-vector datatype (HO)
Package: uniquecounter 2011/01/30 v1.2 Provide unlimited unique counter (HO)
)
Package hobsub Info: Skipping package `hobsub' (already loaded).
Package: letltxmacro 2010/09/02 v1.4 Let assignment for LaTeX macros (HO)
Package: hopatch 2012/05/28 v1.2 Wrapper for package hooks (HO)
Package: xcolor-patch 2011/01/30 xcolor patch
Package: atveryend 2011/06/30 v1.8 Hooks at the very end of document (HO)
Package atveryend Info: \enddocument detected (standard20110627).
Package: atbegshi 2011/10/05 v1.16 At begin shipout hook (HO)
Package: refcount 2011/10/16 v3.4 Data extraction from label references (HO)
Package: hycolor 2011/01/30 v1.7 Color options for hyperref/bookmark (HO)
)
(/usr/share/texlive/texmf-dist/tex/latex/oberdiek/auxhook.sty
Package: auxhook 2011/03/04 v1.3 Hooks for auxiliary files (HO)
)
(/usr/share/texlive/texmf-dist/tex/latex/oberdiek/kvoptions.sty
Package: kvoptions 2011/06/30 v3.11 Key value format for package options (HO)
)
\@linkdim=\dimen129
\Hy@linkcounter=\count107
\Hy@pagecounter=\count108

(/usr/share/texlive/texmf-dist/tex/latex/hyperref/pd1enc.def
File: pd1enc.def 2012/11/06 v6.83m Hyperref: PDFDocEncoding definition (HO)
)
\Hy@SavedSpaceFactor=\count109

(/usr/share/texlive/texmf-dist/tex/latex/latexconfig/hyperref.cfg
File: hyperref.cfg 2002/06/06 v1.2 hyperref configuration of TeXLive
)
Package hyperref Info: Hyper figures OFF on input line 4443.
Package hyperref Info: Link nesting OFF on input line 4448.
Package hyperref Info: Hyper index ON on input line 4451.
Package hyperref Info: Plain pages OFF on input line 4458.
Package hyperref Info: Backreferencing OFF on input line 4463.
Package hyperref Info: Implicit mode ON; LaTeX internals redefined.
Package hyperref Info: Bookmarks ON on input line 4688.
\c@Hy@tempcnt=\count110

(/usr/share/texlive/texmf-dist/tex/latex/url/url.sty
\Urlmuskip=\muskip11
Package: url 2013/09/16  ver 3.4  Verb mode for urls, etc.
)
LaTeX Info: Redefining \url on input line 5041.
\XeTeXLinkMargin=\dimen130
\Fld@menulength=\count111
\Field@Width=\dimen131
\Fld@charsize=\dimen132
Package hyperref Info: Hyper figures OFF on input line 6295.
Package hyperref Info: Link nesting OFF on input line 6300.
Package hyperref Info: Hyper index ON on input line 6303.
Package hyperref Info: backreferencing OFF on input line 6310.
Package hyperref Info: Link coloring OFF on input line 6315.
Package hyperref Info: Link coloring with OCG OFF on input line 6320.
Package hyperref Info: PDF/A mode OFF on input line 6325.
LaTeX Info: Redefining \ref on input line 6365.
LaTeX Info: Redefining \pageref on input line 6369.
\Hy@abspage=\count112
\c@Item=\count113
\c@Hfootnote=\count114
)

Package hyperref Message: Driver (autodetected): hpdftex.

(/usr/share/texlive/texmf-dist/tex/latex/hyperref/hpdftex.def
File: hpdftex.def 2012/11/06 v6.83m Hyperref driver for pdfTeX
\Fld@listcount=\count115
\c@bookmark@seq@number=\count116

(/usr/share/texlive/texmf-dist/tex/latex/oberdiek/rerunfilecheck.sty
Package: rerunfilecheck 2011/04/15 v1.7 Rerun checks for auxiliary files (HO)
Package uniquecounter Info: New unique counter `rerunfilecheck' on input line 2
82.
)
\Hy@SectionHShift=\skip58
)
(/usr/share/texlive/texmf-dist/tex/latex/xcolor/xcolor.sty
Package: xcolor 2007/01/21 v2.11 LaTeX color extensions (UK)

(/usr/share/texlive/texmf-dist/tex/latex/latexconfig/color.cfg
File: color.cfg 2007/01/18 v1.5 color configuration of teTeX/TeXLive
)
Package xcolor Info: Driver file: pdftex.def on input line 225.
Package xcolor Info: Model `cmy' substituted by `cmy0' on input line 1337.
Package xcolor Info: Model `hsb' substituted by `rgb' on input line 1341.
Package xcolor Info: Model `RGB' extended on input line 1353.
Package xcolor Info: Model `HTML' substituted by `rgb' on input line 1355.
Package xcolor Info: Model `Hsb' substituted by `hsb' on input line 1356.
Package xcolor Info: Model `tHsb' substituted by `hsb' on input line 1357.
Package xcolor Info: Model `HSB' substituted by `hsb' on input line 1358.
Package xcolor Info: Model `Gray' substituted by `gray' on input line 1359.
Package xcolor Info: Model `wave' substituted by `hsb' on input line 1360.
)
(/usr/share/texlive/texmf-dist/tex/latex/titlesec/titlesec.sty
Package: titlesec 2016/03/15 v2.10.1 Sectioning titles
\ttl@box=\box30
\beforetitleunit=\skip59
\aftertitleunit=\skip60
\ttl@plus=\dimen133
\ttl@minus=\dimen134
\ttl@toksa=\toks29
\titlewidth=\dimen135
\titlewidthlast=\dimen136
\titlewidthfirst=\dimen137
)
(/usr/share/texlive/texmf-dist/tex/latex/titlesec/block.tss
File: block.tss 2016/03/15
) (./report.aux)
\openout1 = `report.aux'.

LaTeX Font Info:    Checking defaults for OML/cmm/m/it on input line 20.
LaTeX Font Info:    ... okay on input line 20.
LaTeX Font Info:    Checking defaults for T1/cmr/m/n on input line 20.
LaTeX Font Info:    ... okay on input line 20.
LaTeX Font Info:    Checking defaults for OT1/cmr/m/n on input line 20.
LaTeX Font Info:    ... okay on input line 20.
LaTeX Font Info:    Checking defaults for OMS/cmsy/m/n on input line 20.
LaTeX Font Info:    ... okay on input line 20.
LaTeX Font Info:    Checking defaults for OMX/cmex/m/n on input line 20.
LaTeX Font Info:    ... okay on input line 20.
LaTeX Font Info:    Checking defaults for U/cmr/m/n on input line 20.
LaTeX Font Info:    ... okay on input line 20.
LaTeX Font Info:    Checking defaults for PD1/pdf/m/n on input line 20.
LaTeX Font Info:    ... okay on input line 20.

*geometry* driver: auto-detecting
*geometry* detected driver: pdftex
*geometry* verbose mode - [ preamble ] result:
* driver: pdftex
* paper: a4paper
* layout: <same size as paper>
* layoutoffset:(h,v)=(0.0pt,0.0pt)
* modes: 
* h-part:(L,W,R)=(89.62709pt, 418.25368pt, 89.6271pt)
* v-part:(T,H,B)=(101.40665pt, 591.5302pt, 152.11pt)
* \paperwidth=597.50787pt
* \paperheight=845.04684pt
* \textwidth=418.25368pt
* \textheight=591.5302pt
* \oddsidemargin=17.3571pt
* \evensidemargin=17.3571pt
* \topmargin=-7.86334pt
* \headheight=12.0pt
* \headsep=25.0pt
* \topskip=10.0pt
* \footskip=30.0pt
* \marginparwidth=57.0pt
* \marginparsep=11.0pt
* \columnsep=10.0pt
* \skip\footins=9.0pt plus 4.0pt minus 2.0pt
* \hoffset=0.0pt
* \voffset=0.0pt
* \mag=1000
* \@twocolumnfalse
* \@twosidefalse
* \@mparswitchfalse
* \@reversemarginfalse
* (1in=72.27pt=25.4mm, 1cm=28.453pt)

(/usr/share/texlive/texmf-dist/tex/context/base/supp-pdf.mkii
[Loading MPS to PDF converter (version 2006.09.02).]
\scratchcounter=\count117
\scratchdimen=\dimen138
\scratchbox=\box31
\nofMPsegments=\count118
\nofMParguments=\count119
\everyMPshowfont=\toks30
\MPscratchCnt=\count120
\MPscratchDim=\dimen139
\MPnumerator=\count121
\makeMPintoPDFobject=\count122
\everyMPtoPDFconversion=\toks31
) (/usr/share/texlive/texmf-dist/tex/latex/oberdiek/epstopdf-base.sty
Package: epstopdf-base 2010/02/09 v2.5 Base part for package epstopdf

(/usr/share/texlive/texmf-dist/tex/latex/oberdiek/grfext.sty
Package: grfext 2010/08/19 v1.1 Manage graphics extensions (HO)
)
Package grfext Info: Graphics extension search list:
(grfext)             [.png,.pdf,.jpg,.mps,.jpeg,.jbig2,.jb2,.PNG,.PDF,.JPG,.JPE
G,.JBIG2,.JB2,.eps]
(grfext)             \AppendGraphicsExtensions on input line 452.

(/usr/share/texlive/texmf-dist/tex/latex/latexconfig/epstopdf-sys.cfg
File: epstopdf-sys.cfg 2010/07/13 v1.3 Configuration of (r)epstopdf for TeX Liv
e
))
Package caption Info: Begin \AtBeginDocument code.
Package caption Info: hyperref package is loaded.
Package caption Info: End \AtBeginDocument code.
\AtBeginShipoutBox=\box32
Package hyperref Info: Link coloring OFF on input line 20.

(/usr/share/texlive/texmf-dist/tex/latex/hyperref/nameref.sty
Package: nameref 2012/10/27 v2.43 Cross-referencing by name of section

(/usr/share/texlive/texmf-dist/tex/generic/oberdiek/gettitlestring.sty
Package: gettitlestring 2010/12/03 v1.4 Cleanup title references (HO)
)
\c@section@level=\count123
)
LaTeX Info: Redefining \ref on input line 20.
LaTeX Info: Redefining \pageref on input line 20.
LaTeX Info: Redefining \nameref on input line 20.

(./report.out) (./report.out)
\@outlinefile=\write3
\openout3 = `report.out'.

LaTeX Font Info:    Try loading font information for U+msa on input line 23.

(/usr/share/texlive/texmf-dist/tex/latex/amsfonts/umsa.fd
File: umsa.fd 2013/01/14 v3.01 AMS symbols A
)
LaTeX Font Info:    Try loading font information for U+msb on input line 23.

(/usr/share/texlive/texmf-dist/tex/latex/amsfonts/umsb.fd
File: umsb.fd 2013/01/14 v3.01 AMS symbols B
)
Missing character: There is no ‚ in font cmr10!
Missing character: There is no Ä in font cmr10!
Missing character: There is no ú in font cmr10!
Missing character: There is no ‚ in font cmr10!
Missing character: There is no Ä in font cmr10!
Missing character: There is no ù in font cmr10!
Missing character: There is no ‚ in font cmr10!
Missing character: There is no Ä in font cmr10!
Missing character: There is no ú in font cmr10!
Missing character: There is no ‚ in font cmr10!
Missing character: There is no Ä in font cmr10!
Missing character: There is no ù in font cmr10!

<ion_image_1.png, id=11, 657.45625pt x 501.875pt>
File: ion_image_1.png Graphic file (type png)
 <use ion_image_1.png>
Package pdftex.def Info: ion_image_1.png used on input line 63.
(pdftex.def)             Requested size: 149.08498pt x 113.80533pt.

[1

{/var/lib/texmf/fonts/map/pdftex/updmap/pdftex.map}] [2 <./ion_image_1.png>]
<ion_image_2.png, id=36, 458.71375pt x 501.875pt>
File: ion_image_2.png Graphic file (type png)
 <use ion_image_2.png>
Package pdftex.def Info: ion_image_2.png used on input line 101.
(pdftex.def)             Requested size: 104.01807pt x 113.80533pt.

<spectrum_graph_1.png, id=37, 920.43875pt x 319.1925pt>
File: spectrum_graph_1.png Graphic file (type png)

<use spectrum_graph_1.png>
Package pdftex.def Info: spectrum_graph_1.png used on input line 107.
(pdftex.def)             Requested size: 418.25368pt x 145.04773pt.

<ion_image_regular.png, id=38, 798.985pt x 501.875pt>
File: ion_image_regular.png Graphic file (type png)

<use ion_image_regular.png>
Package pdftex.def Info: ion_image_regular.png used on input line 127.
(pdftex.def)             Requested size: 181.17809pt x 113.80533pt.

<ion_image_irregular.png, id=39, 318.18875pt x 501.875pt>
File: ion_image_irregular.png Graphic file (type png)

<use ion_image_irregular.png>
Package pdftex.def Info: ion_image_irregular.png used on input line 133.
(pdftex.def)             Requested size: 72.15257pt x 113.80533pt.

Overfull \hbox (2.2222pt too wide) in paragraph at lines 125--137
[][] [] 
 []

[3 <./ion_image_2.png> <./spectrum_graph_1.png>]
<sum_ints_on_sample_graph.png, id=47, 910.40125pt x 320.19624pt>
File: sum_ints_on_sample_graph.png Graphic file (type png)

<use sum_ints_on_sample_graph.png>
Package pdftex.def Info: sum_ints_on_sample_graph.png used on input line 142.
(pdftex.def)             Requested size: 404.49521pt x 142.26457pt.

<sum_ints_off_sample_graph.png, id=48, 893.3375pt x 323.2075pt>
File: sum_ints_off_sample_graph.png Graphic file (type png)

<use sum_ints_off_sample_graph.png>
Package pdftex.def Info: sum_ints_off_sample_graph.png used on input line 148.
(pdftex.def)             Requested size: 393.20602pt x 142.26105pt.

<sum_int_stacked_bar.png, id=49, 978.65625pt x 247.92625pt>
File: sum_int_stacked_bar.png Graphic file (type png)

<use sum_int_stacked_bar.png>
Package pdftex.def Info: sum_int_stacked_bar.png used on input line 158.
(pdftex.def)             Requested size: 418.26044pt x 142.26518pt.
 [4 <./ion_image_regular.png> <./ion_image_irregular.png> <./sum_ints_on_sample
_graph.png (PNG copy)> <./sum_ints_off_sample_graph.png (PNG copy)>] <off_sampl
e_mask_1.png, id=58, 379.4175pt x 245.91875pt>
File: off_sample_mask_1.png Graphic file (type png)

<use off_sample_mask_1.png>
Package pdftex.def Info: off_sample_mask_1.png used on input line 166.
(pdftex.def)             Requested size: 175.59363pt x 113.81102pt.

<ion_image_on_sample.png, id=59, 561.09625pt x 501.875pt>
File: ion_image_on_sample.png Graphic file (type png)

<use ion_image_on_sample.png>
Package pdftex.def Info: ion_image_on_sample.png used on input line 179.
(pdftex.def)             Requested size: 127.23434pt x 113.80533pt.

<ion_image_off_sample.png, id=60, 561.09625pt x 501.875pt>
File: ion_image_off_sample.png Graphic file (type png)

<use ion_image_off_sample.png>
Package pdftex.def Info: ion_image_off_sample.png used on input line 184.
(pdftex.def)             Requested size: 127.23434pt x 113.80533pt.

Overfull \hbox (2.2222pt too wide) in paragraph at lines 177--190
[][] [] 
 []

<pca_2d_plot.png, id=61, 384.43625pt x 251.94125pt>
File: pca_2d_plot.png Graphic file (type png)
 <use pca_2d_plot.png>
Package pdftex.def Info: pca_2d_plot.png used on input line 195.
(pdftex.def)             Requested size: 260.49808pt x 170.71806pt.

[5 <./sum_int_stacked_bar.png> <./off_sample_mask_1.png> <./ion_image_on_sample
.png> <./ion_image_off_sample.png>]
<pca_1d_plot.png, id=72, 404.51125pt x 254.9525pt>
File: pca_1d_plot.png Graphic file (type png)
 <use pca_1d_plot.png>
Package pdftex.def Info: pca_1d_plot.png used on input line 204.
(pdftex.def)             Requested size: 270.87299pt x 170.7239pt.

<kmeans_cluster_image.png, id=73, 261.97874pt x 250.9375pt>
File: kmeans_cluster_image.png Graphic file (type png)

<use kmeans_cluster_image.png>
Package pdftex.def Info: kmeans_cluster_image.png used on input line 214.
(pdftex.def)             Requested size: 178.23512pt x 170.7233pt.
 [6 <./pca_2d_plot.png> <./pca_1d_plot.png>]
LaTeX Font Info:    Try loading font information for OMS+cmr on input line 226.


(/usr/share/texlive/texmf-dist/tex/latex/base/omscmr.fd
File: omscmr.fd 2014/09/29 v2.5h Standard LaTeX font definitions
)
LaTeX Font Info:    Font shape `OMS/cmr/m/n' in size <10> not available
(Font)              Font shape `OMS/cmsy/m/n' tried instead on input line 226.

Underfull \hbox (badness 4316) in paragraph at lines 247--247
[][][]\OT1/cmr/m/n/8 "Review of Deep Learn-ing Al-go-rithms for Im-age Clas-si-
fi-ca-tion" []$\OT1/cmtt/m/n/8 https : / / medium . com / comet-[]app /
 []

[7 <./kmeans_cluster_image.png>]
<on_sample_1.png, id=91, 740.7675pt x 501.875pt>
File: on_sample_1.png Graphic file (type png)
 <use on_sample_1.png>
Package pdftex.def Info: on_sample_1.png used on input line 274.
(pdftex.def)             Requested size: 167.97665pt x 113.80533pt.

<on_sample_2.png, id=92, 375.4025pt x 501.875pt>
File: on_sample_2.png Graphic file (type png)
 <use on_sample_2.png>
Package pdftex.def Info: on_sample_2.png used on input line 275.
(pdftex.def)             Requested size: 85.12637pt x 113.80533pt.

<on_sample_3.png, id=93, 471.7625pt x 501.875pt>
File: on_sample_3.png Graphic file (type png)
 <use on_sample_3.png>
Package pdftex.def Info: on_sample_3.png used on input line 276.
(pdftex.def)             Requested size: 106.977pt x 113.80533pt.

<off_sample_1.png, id=94, 497.86pt x 501.875pt>
File: off_sample_1.png Graphic file (type png)
 <use off_sample_1.png>
Package pdftex.def Info: off_sample_1.png used on input line 281.
(pdftex.def)             Requested size: 112.89488pt x 113.80533pt.

<off_sample_2.png, id=95, 538.01pt x 501.875pt>
File: off_sample_2.png Graphic file (type png)
 <use off_sample_2.png>
Package pdftex.def Info: off_sample_2.png used on input line 282.
(pdftex.def)             Requested size: 121.99931pt x 113.80533pt.

<off_sample_3.png, id=96, 661.47125pt x 500.87125pt>
File: off_sample_3.png Graphic file (type png)
 <use off_sample_3.png>
Package pdftex.def Info: off_sample_3.png used on input line 283.
(pdftex.def)             Requested size: 150.29822pt x 113.80699pt.

<class_distribution.png, id=97, 956.57375pt x 388.45125pt>
File: class_distribution.png Graphic file (type png)

<use class_distribution.png>
Package pdftex.def Info: class_distribution.png used on input line 298.
(pdftex.def)             Requested size: 418.25185pt x 199.17441pt.
 [8 <./on_sample_1.png> <./on_sample_2.png> <./on_sample_3.png> <./off_sample_1
.png> <./off_sample_2.png> <./off_sample_3.png>]
[9 <./class_distribution.png>]
Missing character: There is no ‚ in font cmr8!
Missing character: There is no Ä in font cmr8!
Missing character: There is no ã in font cmr8!

<cnn_summary.png, id=122, 587.19376pt x 826.08624pt>
File: cnn_summary.png Graphic file (type png)
 <use cnn_summary.png>
Package pdftex.def Info: cnn_summary.png used on input line 365.
(pdftex.def)             Requested size: 323.5937pt x 455.24379pt.

[10] [11 <./cnn_summary.png>]
<cross-validation_metrics.png, id=134, 461.725pt x 301.125pt>
File: cross-validation_metrics.png Graphic file (type png)

<use cross-validation_metrics.png>
Package pdftex.def Info: cross-validation_metrics.png used on input line 394.
(pdftex.def)             Requested size: 261.77692pt x 170.72406pt.

<cross-validation_mean_metrics.png, id=135, 208.78pt x 133.49875pt>
File: cross-validation_mean_metrics.png Graphic file (type png)

<use cross-validation_mean_metrics.png>
Package pdftex.def Info: cross-validation_mean_metrics.png used on input line 4
00.
(pdftex.def)             Requested size: 111.24858pt x 71.1349pt.

<cross-validation_scatter_plot.png, id=136, 633.36626pt x 329.23pt>
File: cross-validation_scatter_plot.png Graphic file (type png)

<use cross-validation_scatter_plot.png>
Package pdftex.def Info: cross-validation_scatter_plot.png used on input line 4
06.
(pdftex.def)             Requested size: 418.26463pt x 217.41805pt.
 [12 <./cross-validation_metrics.png> <./cross-validation_mean_metrics.png>] [1
3 <./cross-validation_scatter_plot.png>] <on_sample_test_pred_1.png, id=149, 27
4.02374pt x 272.01625pt>
File: on_sample_test_pred_1.png Graphic file (type png)

<use on_sample_test_pred_1.png>
Package pdftex.def Info: on_sample_test_pred_1.png used on input line 428.
(pdftex.def)             Requested size: 143.32104pt x 142.27109pt.

<off_sample_test_pred_1.png, id=150, 270.00874pt x 266.9975pt>
File: off_sample_test_pred_1.png Graphic file (type png)

<use off_sample_test_pred_1.png>
Package pdftex.def Info: off_sample_test_pred_1.png used on input line 429.
(pdftex.def)             Requested size: 143.87437pt x 142.26984pt.

<on_sample_test_pred_2.png, id=151, 268.00125pt x 265.99374pt>
File: on_sample_test_pred_2.png Graphic file (type png)

<use on_sample_test_pred_2.png>
Package pdftex.def Info: on_sample_test_pred_2.png used on input line 434.
(pdftex.def)             Requested size: 143.3404pt x 142.26668pt.

<off_sample_test_pred_2.png, id=152, 265.99374pt x 253.94875pt>
File: off_sample_test_pred_2.png Graphic file (type png)

<use off_sample_test_pred_2.png>
Package pdftex.def Info: off_sample_test_pred_2.png used on input line 435.
(pdftex.def)             Requested size: 149.01636pt x 142.26845pt.
 [14 <./on_sample_test_pred_1.png> <./off_sample_test_pred_1.png> <./on_sample_
test_pred_2.png> <./off_sample_test_pred_2.png>]
Package atveryend Info: Empty hook `BeforeClearDocument' on input line 493.
 [15]
Package atveryend Info: Empty hook `AfterLastShipout' on input line 493.
 (./report.aux)
Package atveryend Info: Executing hook `AtVeryEndDocument' on input line 493.
Package atveryend Info: Executing hook `AtEndAfterFileList' on input line 493.
Package rerunfilecheck Info: File `report.out' has not changed.
(rerunfilecheck)             Checksum: 1E35D8BBF180299C853E4E87274CA172;45.
Package atveryend Info: Empty hook `AtVeryVeryEnd' on input line 493.
 ) 
Here is how much of TeX's memory you used:
 8612 strings out of 494953
 127273 string characters out of 6180978
 221805 words of memory out of 5000000
 11717 multiletter control sequences out of 15000+600000
 12015 words of font info for 47 fonts, out of 8000000 for 9000
 14 hyphenation exceptions out of 8191
 42i,8n,43p,644b,471s stack positions out of 5000i,500n,10000p,200000b,80000s
</usr/share/texlive/texmf-dist/fonts/type1/public/amsfonts/cm/cmbx10.pfb></us
r/share/texlive/texmf-dist/fonts/type1/public/amsfonts/cm/cmbx12.pfb></usr/shar
e/texlive/texmf-dist/fonts/type1/public/amsfonts/cm/cmmi10.pfb></usr/share/texl
ive/texmf-dist/fonts/type1/public/amsfonts/cm/cmr10.pfb></usr/share/texlive/tex
mf-dist/fonts/type1/public/amsfonts/cm/cmr12.pfb></usr/share/texlive/texmf-dist
/fonts/type1/public/amsfonts/cm/cmr17.pfb></usr/share/texlive/texmf-dist/fonts/
type1/public/amsfonts/cm/cmr6.pfb></usr/share/texlive/texmf-dist/fonts/type1/pu
blic/amsfonts/cm/cmr7.pfb></usr/share/texlive/texmf-dist/fonts/type1/public/ams
fonts/cm/cmr8.pfb></usr/share/texlive/texmf-dist/fonts/type1/public/amsfonts/cm
/cmr9.pfb></usr/share/texlive/texmf-dist/fonts/type1/public/amsfonts/cm/cmsy10.
pfb></usr/share/texlive/texmf-dist/fonts/type1/public/amsfonts/cm/cmti8.pfb></u
sr/share/texlive/texmf-dist/fonts/type1/public/amsfonts/cm/cmtt8.pfb>
Output written on report.pdf (15 pages, 1039998 bytes).
PDF statistics:
 228 PDF objects out of 1000 (max. 8388607)
 154 compressed objects within 2 object streams
 49 named destinations out of 1000 (max. 500000)
 154 words of extra memory for PDF output out of 10000 (max. 10000000)

